# JRE version: Java(TM) SE Runtime Environment (8.0_72-b15) (build 1.8.0_72-b15)
# Java VM: Java HotSpot(TM) 64-Bit Server VM (25.72-b15 mixed mode linux-amd64 compressed oops)
Heap:
 PSYoungGen      total 385024K, used 3257K [0x00000000d6f00000, 0x00000000f2780000, 0x0000000100000000)
  eden space 321024K, 0% used [0x00000000d6f00000,0x00000000d6f00000,0x00000000ea880000)
  from space 64000K, 5% used [0x00000000ea880000,0x00000000eabae440,0x00000000ee700000)
  to   space 62976K, 0% used [0x00000000ee700000,0x00000000ee700000,0x00000000f2480000)
 ParOldGen       total 103424K, used 29835K [0x0000000084c00000, 0x000000008b100000, 0x00000000d6f00000)
  object space 103424K, 28% used [0x0000000084c00000,0x0000000086922c90,0x000000008b100000)
 Metaspace       used 21756K, capacity 22024K, committed 22192K, reserved 1069056K
  class space    used 2392K, capacity 2467K, committed 2560K, reserved 1048576K
GC Heap History (10 events):
Event: 12.805 GC heap after
Heap after GC invocations=8 (full 1):
 PSYoungGen      total 161792K, used 46077K [0x00000000d6f00000, 0x00000000eaf80000, 0x0000000100000000)
  eden space 115712K, 0% used [0x00000000d6f00000,0x00000000d6f00000,0x00000000de000000)
  from space 46080K, 99% used [0x00000000de000000,0x00000000e0cff480,0x00000000e0d00000)
  to   space 58880K, 0% used [0x00000000e7600000,0x00000000e7600000,0x00000000eaf80000)
 ParOldGen       total 143872K, used 86207K [0x0000000084c00000, 0x000000008d880000, 0x00000000d6f00000)
  object space 143872K, 59% used [0x0000000084c00000,0x000000008a02fcd8,0x000000008d880000)
 Metaspace       used 16278K, capacity 16428K, committed 16512K, reserved 1064960K
  class space    used 1849K, capacity 1897K, committed 1920K, reserved 1048576K
}
Event: 13.990 GC heap before
{Heap before GC invocations=9 (full 1):
 PSYoungGen      total 161792K, used 161789K [0x00000000d6f00000, 0x00000000eaf80000, 0x0000000100000000)
  eden space 115712K, 100% used [0x00000000d6f00000,0x00000000de000000,0x00000000de000000)
  from space 46080K, 99% used [0x00000000de000000,0x00000000e0cff480,0x00000000e0d00000)
  to   space 58880K, 0% used [0x00000000e7600000,0x00000000e7600000,0x00000000eaf80000)
 ParOldGen       total 143872K, used 86207K [0x0000000084c00000, 0x000000008d880000, 0x00000000d6f00000)
  object space 143872K, 59% used [0x0000000084c00000,0x000000008a02fcd8,0x000000008d880000)
 Metaspace       used 16417K, capacity 16588K, committed 16896K, reserved 1064960K
  class space    used 1870K, capacity 1929K, committed 2048K, reserved 1048576K
Event: 15.136 GC heap after
Heap after GC invocations=9 (full 1):
 PSYoungGen      total 263680K, used 47099K [0x00000000d6f00000, 0x00000000eca80000, 0x0000000100000000)
  eden space 204800K, 0% used [0x00000000d6f00000,0x00000000d6f00000,0x00000000e3700000)
  from space 58880K, 79% used [0x00000000e7600000,0x00000000ea3fec70,0x00000000eaf80000)
  to   space 64512K, 0% used [0x00000000e3700000,0x00000000e3700000,0x00000000e7600000)
 ParOldGen       total 143872K, used 86207K [0x0000000084c00000, 0x000000008d880000, 0x00000000d6f00000)
  object space 143872K, 59% used [0x0000000084c00000,0x000000008a02fcd8,0x000000008d880000)
 Metaspace       used 16417K, capacity 16588K, committed 16896K, reserved 1064960K
  class space    used 1870K, capacity 1929K, committed 2048K, reserved 1048576K
}
Event: 18.422 GC heap before
{Heap before GC invocations=10 (full 1):
 PSYoungGen      total 263680K, used 207530K [0x00000000d6f00000, 0x00000000eca80000, 0x0000000100000000)
  eden space 204800K, 78% used [0x00000000d6f00000,0x00000000e0babbf0,0x00000000e3700000)
  from space 58880K, 79% used [0x00000000e7600000,0x00000000ea3fec70,0x00000000eaf80000)
  to   space 64512K, 0% used [0x00000000e3700000,0x00000000e3700000,0x00000000e7600000)
 ParOldGen       total 143872K, used 86207K [0x0000000084c00000, 0x000000008d880000, 0x00000000d6f00000)
  object space 143872K, 59% used [0x0000000084c00000,0x000000008a02fcd8,0x000000008d880000)
 Metaspace       used 20928K, capacity 21092K, committed 21296K, reserved 1069056K
  class space    used 2317K, capacity 2381K, committed 2432K, reserved 1048576K
Event: 18.541 GC heap after
Heap after GC invocations=10 (full 1):
 PSYoungGen      total 269312K, used 15805K [0x00000000d6f00000, 0x00000000f2480000, 0x0000000100000000)
  eden space 204800K, 0% used [0x00000000d6f00000,0x00000000d6f00000,0x00000000e3700000)
  from space 64512K, 24% used [0x00000000e3700000,0x00000000e466f5d8,0x00000000e7600000)
  to   space 62976K, 0% used [0x00000000ee700000,0x00000000ee700000,0x00000000f2480000)
 ParOldGen       total 143872K, used 92064K [0x0000000084c00000, 0x000000008d880000, 0x00000000d6f00000)
  object space 143872K, 63% used [0x0000000084c00000,0x000000008a5e81e0,0x000000008d880000)
 Metaspace       used 20928K, capacity 21092K, committed 21296K, reserved 1069056K
  class space    used 2317K, capacity 2381K, committed 2432K, reserved 1048576K
}
Event: 18.541 GC heap before
{Heap before GC invocations=11 (full 2):
 PSYoungGen      total 269312K, used 15805K [0x00000000d6f00000, 0x00000000f2480000, 0x0000000100000000)
  eden space 204800K, 0% used [0x00000000d6f00000,0x00000000d6f00000,0x00000000e3700000)
  from space 64512K, 24% used [0x00000000e3700000,0x00000000e466f5d8,0x00000000e7600000)
  to   space 62976K, 0% used [0x00000000ee700000,0x00000000ee700000,0x00000000f2480000)
 ParOldGen       total 143872K, used 92064K [0x0000000084c00000, 0x000000008d880000, 0x00000000d6f00000)
  object space 143872K, 63% used [0x0000000084c00000,0x000000008a5e81e0,0x000000008d880000)
 Metaspace       used 20928K, capacity 21092K, committed 21296K, reserved 1069056K
  class space    used 2317K, capacity 2381K, committed 2432K, reserved 1048576K
Event: 18.589 GC heap after
Heap after GC invocations=11 (full 2):
 PSYoungGen      total 269312K, used 0K [0x00000000d6f00000, 0x00000000f2480000, 0x0000000100000000)
  eden space 204800K, 0% used [0x00000000d6f00000,0x00000000d6f00000,0x00000000e3700000)
  from space 64512K, 0% used [0x00000000e3700000,0x00000000e3700000,0x00000000e7600000)
  to   space 62976K, 0% used [0x00000000ee700000,0x00000000ee700000,0x00000000f2480000)
 ParOldGen       total 103424K, used 29723K [0x0000000084c00000, 0x000000008b100000, 0x00000000d6f00000)
  object space 103424K, 28% used [0x0000000084c00000,0x0000000086906c60,0x000000008b100000)
 Metaspace       used 20928K, capacity 21092K, committed 21296K, reserved 1069056K
  class space    used 2317K, capacity 2381K, committed 2432K, reserved 1048576K
}
Event: 24.267 GC heap before
{Heap before GC invocations=12 (full 2):
 PSYoungGen      total 269312K, used 204800K [0x00000000d6f00000, 0x00000000f2480000, 0x0000000100000000)
  eden space 204800K, 100% used [0x00000000d6f00000,0x00000000e3700000,0x00000000e3700000)
  from space 64512K, 0% used [0x00000000e3700000,0x00000000e3700000,0x00000000e7600000)
  to   space 62976K, 0% used [0x00000000ee700000,0x00000000ee700000,0x00000000f2480000)
 ParOldGen       total 103424K, used 29723K [0x0000000084c00000, 0x000000008b100000, 0x00000000d6f00000)
  object space 103424K, 28% used [0x0000000084c00000,0x0000000086906c60,0x000000008b100000)
 Metaspace       used 21384K, capacity 21602K, committed 21808K, reserved 1069056K
  class space    used 2354K, capacity 2418K, committed 2432K, reserved 1048576K
Event: 25.395 GC heap after
Heap after GC invocations=12 (full 2):
 PSYoungGen      total 384000K, used 39571K [0x00000000d6f00000, 0x00000000f2780000, 0x0000000100000000)
  eden space 321024K, 0% used [0x00000000d6f00000,0x00000000d6f00000,0x00000000ea880000)
  from space 62976K, 62% used [0x00000000ee700000,0x00000000f0da4c20,0x00000000f2480000)
  to   space 64000K, 0% used [0x00000000ea880000,0x00000000ea880000,0x00000000ee700000)
 ParOldGen       total 103424K, used 29731K [0x0000000084c00000, 0x000000008b100000, 0x00000000d6f00000)
  object space 103424K, 28% used [0x0000000084c00000,0x0000000086908c60,0x000000008b100000)
 Metaspace       used 21384K, capacity 21602K, committed 21808K, reserved 1069056K
  class space    used 2354K, capacity 2418K, committed 2432K, reserved 1048576K
}
Event: 39.038 GC heap before
{Heap before GC invocations=13 (full 2):
 PSYoungGen      total 384000K, used 360595K [0x00000000d6f00000, 0x00000000f2780000, 0x0000000100000000)
  eden space 321024K, 100% used [0x00000000d6f00000,0x00000000ea880000,0x00000000ea880000)
  from space 62976K, 62% used [0x00000000ee700000,0x00000000f0da4c20,0x00000000f2480000)
  to   space 64000K, 0% used [0x00000000ea880000,0x00000000ea880000,0x00000000ee700000)
 ParOldGen       total 103424K, used 29731K [0x0000000084c00000, 0x000000008b100000, 0x00000000d6f00000)
  object space 103424K, 28% used [0x0000000084c00000,0x0000000086908c60,0x000000008b100000)
 Metaspace       used 21756K, capacity 22024K, committed 22192K, reserved 1069056K
  class space    used 2392K, capacity 2467K, committed 2560K, reserved 1048576K

