# JRE version: Java(TM) SE Runtime Environment (8.0_72-b15) (build 1.8.0_72-b15)
# Java VM: Java HotSpot(TM) 64-Bit Server VM (25.72-b15 mixed mode linux-amd64 compressed oops)
Heap:
 PSYoungGen      total 262144K, used 252K [0x00000000d6f00000, 0x00000000e7f00000, 0x0000000100000000)
  eden space 245760K, 0% used [0x00000000d6f00000,0x00000000d6f00000,0x00000000e5f00000)
  from space 16384K, 1% used [0x00000000e5f00000,0x00000000e5f3f350,0x00000000e6f00000)
  to   space 15872K, 0% used [0x00000000e6f80000,0x00000000e6f80000,0x00000000e7f00000)
 ParOldGen       total 66048K, used 22906K [0x0000000084c00000, 0x0000000088c80000, 0x00000000d6f00000)
  object space 66048K, 34% used [0x0000000084c00000,0x000000008625eaa0,0x0000000088c80000)
 Metaspace       used 21063K, capacity 21200K, committed 21680K, reserved 1069056K
  class space    used 2372K, capacity 2441K, committed 2560K, reserved 1048576K
GC Heap History (10 events):
Event: 36.152 GC heap after
Heap after GC invocations=11 (full 0):
 PSYoungGen      total 114176K, used 224K [0x00000000d6f00000, 0x00000000e2900000, 0x0000000100000000)
  eden space 97792K, 0% used [0x00000000d6f00000,0x00000000d6f00000,0x00000000dce80000)
  from space 16384K, 1% used [0x00000000dce80000,0x00000000dceb8000,0x00000000dde80000)
  to   space 16896K, 0% used [0x00000000e1880000,0x00000000e1880000,0x00000000e2900000)
 ParOldGen       total 84992K, used 35730K [0x0000000084c00000, 0x0000000089f00000, 0x00000000d6f00000)
  object space 84992K, 42% used [0x0000000084c00000,0x0000000086ee4aa0,0x0000000089f00000)
 Metaspace       used 20714K, capacity 20912K, committed 21120K, reserved 1069056K
  class space    used 2329K, capacity 2409K, committed 2432K, reserved 1048576K
}
Event: 36.489 GC heap before
{Heap before GC invocations=12 (full 0):
 PSYoungGen      total 114176K, used 18598K [0x00000000d6f00000, 0x00000000e2900000, 0x0000000100000000)
  eden space 97792K, 18% used [0x00000000d6f00000,0x00000000d80f1880,0x00000000dce80000)
  from space 16384K, 1% used [0x00000000dce80000,0x00000000dceb8000,0x00000000dde80000)
  to   space 16896K, 0% used [0x00000000e1880000,0x00000000e1880000,0x00000000e2900000)
 ParOldGen       total 84992K, used 35730K [0x0000000084c00000, 0x0000000089f00000, 0x00000000d6f00000)
  object space 84992K, 42% used [0x0000000084c00000,0x0000000086ee4aa0,0x0000000089f00000)
 Metaspace       used 20916K, capacity 21104K, committed 21296K, reserved 1069056K
  class space    used 2356K, capacity 2409K, committed 2432K, reserved 1048576K
Event: 36.517 GC heap after
Heap after GC invocations=12 (full 0):
 PSYoungGen      total 171520K, used 7036K [0x00000000d6f00000, 0x00000000e2700000, 0x0000000100000000)
  eden space 156672K, 0% used [0x00000000d6f00000,0x00000000d6f00000,0x00000000e0800000)
  from space 14848K, 47% used [0x00000000e1880000,0x00000000e1f5f350,0x00000000e2700000)
  to   space 15872K, 0% used [0x00000000e0800000,0x00000000e0800000,0x00000000e1780000)
 ParOldGen       total 84992K, used 35882K [0x0000000084c00000, 0x0000000089f00000, 0x00000000d6f00000)
  object space 84992K, 42% used [0x0000000084c00000,0x0000000086f0aaa0,0x0000000089f00000)
 Metaspace       used 20916K, capacity 21104K, committed 21296K, reserved 1069056K
  class space    used 2356K, capacity 2409K, committed 2432K, reserved 1048576K
}
Event: 36.517 GC heap before
{Heap before GC invocations=13 (full 1):
 PSYoungGen      total 171520K, used 7036K [0x00000000d6f00000, 0x00000000e2700000, 0x0000000100000000)
  eden space 156672K, 0% used [0x00000000d6f00000,0x00000000d6f00000,0x00000000e0800000)
  from space 14848K, 47% used [0x00000000e1880000,0x00000000e1f5f350,0x00000000e2700000)
  to   space 15872K, 0% used [0x00000000e0800000,0x00000000e0800000,0x00000000e1780000)
 ParOldGen       total 84992K, used 35882K [0x0000000084c00000, 0x0000000089f00000, 0x00000000d6f00000)
  object space 84992K, 42% used [0x0000000084c00000,0x0000000086f0aaa0,0x0000000089f00000)
 Metaspace       used 20916K, capacity 21104K, committed 21296K, reserved 1069056K
  class space    used 2356K, capacity 2409K, committed 2432K, reserved 1048576K
Event: 36.618 GC heap after
Heap after GC invocations=13 (full 1):
 PSYoungGen      total 171520K, used 0K [0x00000000d6f00000, 0x00000000e2700000, 0x0000000100000000)
  eden space 156672K, 0% used [0x00000000d6f00000,0x00000000d6f00000,0x00000000e0800000)
  from space 14848K, 0% used [0x00000000e1880000,0x00000000e1880000,0x00000000e2700000)
  to   space 15872K, 0% used [0x00000000e0800000,0x00000000e0800000,0x00000000e1780000)
 ParOldGen       total 66048K, used 22794K [0x0000000084c00000, 0x0000000088c80000, 0x00000000d6f00000)
  object space 66048K, 34% used [0x0000000084c00000,0x0000000086242aa0,0x0000000088c80000)
 Metaspace       used 20916K, capacity 21104K, committed 21296K, reserved 1069056K
  class space    used 2356K, capacity 2409K, committed 2432K, reserved 1048576K
}
Event: 37.782 GC heap before
{Heap before GC invocations=14 (full 1):
 PSYoungGen      total 171520K, used 156672K [0x00000000d6f00000, 0x00000000e2700000, 0x0000000100000000)
  eden space 156672K, 100% used [0x00000000d6f00000,0x00000000e0800000,0x00000000e0800000)
  from space 14848K, 0% used [0x00000000e1880000,0x00000000e1880000,0x00000000e2700000)
  to   space 15872K, 0% used [0x00000000e0800000,0x00000000e0800000,0x00000000e1780000)
 ParOldGen       total 66048K, used 22794K [0x0000000084c00000, 0x0000000088c80000, 0x00000000d6f00000)
  object space 66048K, 34% used [0x0000000084c00000,0x0000000086242aa0,0x0000000088c80000)
 Metaspace       used 21054K, capacity 21200K, committed 21680K, reserved 1069056K
  class space    used 2372K, capacity 2441K, committed 2560K, reserved 1048576K
Event: 37.788 GC heap after
Heap after GC invocations=14 (full 1):
 PSYoungGen      total 172544K, used 160K [0x00000000d6f00000, 0x00000000e7f80000, 0x0000000100000000)
  eden space 156672K, 0% used [0x00000000d6f00000,0x00000000d6f00000,0x00000000e0800000)
  from space 15872K, 1% used [0x00000000e0800000,0x00000000e0828000,0x00000000e1780000)
  to   space 16384K, 0% used [0x00000000e6f80000,0x00000000e6f80000,0x00000000e7f80000)
 ParOldGen       total 66048K, used 22794K [0x0000000084c00000, 0x0000000088c80000, 0x00000000d6f00000)
  object space 66048K, 34% used [0x0000000084c00000,0x0000000086242aa0,0x0000000088c80000)
 Metaspace       used 21054K, capacity 21200K, committed 21680K, reserved 1069056K
  class space    used 2372K, capacity 2441K, committed 2560K, reserved 1048576K
}
Event: 38.512 GC heap before
{Heap before GC invocations=15 (full 1):
 PSYoungGen      total 172544K, used 156832K [0x00000000d6f00000, 0x00000000e7f80000, 0x0000000100000000)
  eden space 156672K, 100% used [0x00000000d6f00000,0x00000000e0800000,0x00000000e0800000)
  from space 15872K, 1% used [0x00000000e0800000,0x00000000e0828000,0x00000000e1780000)
  to   space 16384K, 0% used [0x00000000e6f80000,0x00000000e6f80000,0x00000000e7f80000)
 ParOldGen       total 66048K, used 22794K [0x0000000084c00000, 0x0000000088c80000, 0x00000000d6f00000)
  object space 66048K, 34% used [0x0000000084c00000,0x0000000086242aa0,0x0000000088c80000)
 Metaspace       used 21056K, capacity 21200K, committed 21680K, reserved 1069056K
  class space    used 2372K, capacity 2441K, committed 2560K, reserved 1048576K
Event: 38.536 GC heap after
Heap after GC invocations=15 (full 1):
 PSYoungGen      total 261632K, used 316K [0x00000000d6f00000, 0x00000000e7f00000, 0x0000000100000000)
  eden space 245760K, 0% used [0x00000000d6f00000,0x00000000d6f00000,0x00000000e5f00000)
  from space 15872K, 1% used [0x00000000e6f80000,0x00000000e6fcf350,0x00000000e7f00000)
  to   space 16384K, 0% used [0x00000000e5f00000,0x00000000e5f00000,0x00000000e6f00000)
 ParOldGen       total 66048K, used 22882K [0x0000000084c00000, 0x0000000088c80000, 0x00000000d6f00000)
  object space 66048K, 34% used [0x0000000084c00000,0x0000000086258aa0,0x0000000088c80000)
 Metaspace       used 21056K, capacity 21200K, committed 21680K, reserved 1069056K
  class space    used 2372K, capacity 2441K, committed 2560K, reserved 1048576K
}
Event: 39.848 GC heap before
{Heap before GC invocations=16 (full 1):
 PSYoungGen      total 261632K, used 246076K [0x00000000d6f00000, 0x00000000e7f00000, 0x0000000100000000)
  eden space 245760K, 100% used [0x00000000d6f00000,0x00000000e5f00000,0x00000000e5f00000)
  from space 15872K, 1% used [0x00000000e6f80000,0x00000000e6fcf350,0x00000000e7f00000)
  to   space 16384K, 0% used [0x00000000e5f00000,0x00000000e5f00000,0x00000000e6f00000)
 ParOldGen       total 66048K, used 22882K [0x0000000084c00000, 0x0000000088c80000, 0x00000000d6f00000)
  object space 66048K, 34% used [0x0000000084c00000,0x0000000086258aa0,0x0000000088c80000)
 Metaspace       used 21063K, capacity 21200K, committed 21680K, reserved 1069056K
  class space    used 2372K, capacity 2441K, committed 2560K, reserved 1048576K

