# JRE version: Java(TM) SE Runtime Environment (8.0_72-b15) (build 1.8.0_72-b15)
# Java VM: Java HotSpot(TM) 64-Bit Server VM (25.72-b15 mixed mode linux-amd64 compressed oops)
Heap:
 PSYoungGen      total 402944K, used 1040K [0x00000000d6f00000, 0x00000000f3600000, 0x0000000100000000)
  eden space 339968K, 0% used [0x00000000d6f00000,0x00000000d6f00000,0x00000000ebb00000)
  from space 62976K, 1% used [0x00000000ebb00000,0x00000000ebc04010,0x00000000ef880000)
  to   space 55296K, 0% used [0x00000000f0000000,0x00000000f0000000,0x00000000f3600000)
 ParOldGen       total 104448K, used 28909K [0x0000000084c00000, 0x000000008b200000, 0x00000000d6f00000)
  object space 104448K, 27% used [0x0000000084c00000,0x000000008683b6d8,0x000000008b200000)
 Metaspace       used 21707K, capacity 21960K, committed 22192K, reserved 1069056K
  class space    used 2385K, capacity 2467K, committed 2560K, reserved 1048576K
GC Heap History (10 events):
Event: 21.734 GC heap after
Heap after GC invocations=8 (full 1):
 PSYoungGen      total 167424K, used 41094K [0x00000000d6f00000, 0x00000000eba80000, 0x0000000100000000)
  eden space 121856K, 0% used [0x00000000d6f00000,0x00000000d6f00000,0x00000000de600000)
  from space 45568K, 90% used [0x00000000de600000,0x00000000e0e21aa8,0x00000000e1280000)
  to   space 52224K, 0% used [0x00000000e8780000,0x00000000e8780000,0x00000000eba80000)
 ParOldGen       total 142336K, used 78643K [0x0000000084c00000, 0x000000008d700000, 0x00000000d6f00000)
  object space 142336K, 55% used [0x0000000084c00000,0x00000000898cce58,0x000000008d700000)
 Metaspace       used 16241K, capacity 16364K, committed 16512K, reserved 1064960K
  class space    used 1846K, capacity 1897K, committed 1920K, reserved 1048576K
}
Event: 23.247 GC heap before
{Heap before GC invocations=9 (full 1):
 PSYoungGen      total 167424K, used 162950K [0x00000000d6f00000, 0x00000000eba80000, 0x0000000100000000)
  eden space 121856K, 100% used [0x00000000d6f00000,0x00000000de600000,0x00000000de600000)
  from space 45568K, 90% used [0x00000000de600000,0x00000000e0e21aa8,0x00000000e1280000)
  to   space 52224K, 0% used [0x00000000e8780000,0x00000000e8780000,0x00000000eba80000)
 ParOldGen       total 142336K, used 78643K [0x0000000084c00000, 0x000000008d700000, 0x00000000d6f00000)
  object space 142336K, 55% used [0x0000000084c00000,0x00000000898cce58,0x000000008d700000)
 Metaspace       used 16654K, capacity 16812K, committed 17152K, reserved 1064960K
  class space    used 1901K, capacity 1961K, committed 2048K, reserved 1048576K
Event: 23.333 GC heap after
Heap after GC invocations=9 (full 1):
 PSYoungGen      total 275968K, used 52219K [0x00000000d6f00000, 0x00000000ed200000, 0x0000000100000000)
  eden space 223744K, 0% used [0x00000000d6f00000,0x00000000d6f00000,0x00000000e4980000)
  from space 52224K, 99% used [0x00000000e8780000,0x00000000eba7ec50,0x00000000eba80000)
  to   space 63488K, 0% used [0x00000000e4980000,0x00000000e4980000,0x00000000e8780000)
 ParOldGen       total 142336K, used 83905K [0x0000000084c00000, 0x000000008d700000, 0x00000000d6f00000)
  object space 142336K, 58% used [0x0000000084c00000,0x0000000089df05c8,0x000000008d700000)
 Metaspace       used 16654K, capacity 16812K, committed 17152K, reserved 1064960K
  class space    used 1901K, capacity 1961K, committed 2048K, reserved 1048576K
}
Event: 27.149 GC heap before
{Heap before GC invocations=10 (full 1):
 PSYoungGen      total 275968K, used 274725K [0x00000000d6f00000, 0x00000000ed200000, 0x0000000100000000)
  eden space 223744K, 99% used [0x00000000d6f00000,0x00000000e484a810,0x00000000e4980000)
  from space 52224K, 99% used [0x00000000e8780000,0x00000000eba7ec50,0x00000000eba80000)
  to   space 63488K, 0% used [0x00000000e4980000,0x00000000e4980000,0x00000000e8780000)
 ParOldGen       total 142336K, used 83905K [0x0000000084c00000, 0x000000008d700000, 0x00000000d6f00000)
  object space 142336K, 58% used [0x0000000084c00000,0x0000000089df05c8,0x000000008d700000)
 Metaspace       used 20971K, capacity 21092K, committed 21296K, reserved 1069056K
  class space    used 2319K, capacity 2381K, committed 2432K, reserved 1048576K
Event: 27.196 GC heap after
Heap after GC invocations=10 (full 1):
 PSYoungGen      total 287232K, used 15239K [0x00000000d6f00000, 0x00000000f3c80000, 0x0000000100000000)
  eden space 223744K, 0% used [0x00000000d6f00000,0x00000000d6f00000,0x00000000e4980000)
  from space 63488K, 24% used [0x00000000e4980000,0x00000000e5861c80,0x00000000e8780000)
  to   space 61952K, 0% used [0x00000000f0000000,0x00000000f0000000,0x00000000f3c80000)
 ParOldGen       total 142336K, used 93227K [0x0000000084c00000, 0x000000008d700000, 0x00000000d6f00000)
  object space 142336K, 65% used [0x0000000084c00000,0x000000008a70ad58,0x000000008d700000)
 Metaspace       used 20971K, capacity 21092K, committed 21296K, reserved 1069056K
  class space    used 2319K, capacity 2381K, committed 2432K, reserved 1048576K
}
Event: 27.196 GC heap before
{Heap before GC invocations=11 (full 2):
 PSYoungGen      total 287232K, used 15239K [0x00000000d6f00000, 0x00000000f3c80000, 0x0000000100000000)
  eden space 223744K, 0% used [0x00000000d6f00000,0x00000000d6f00000,0x00000000e4980000)
  from space 63488K, 24% used [0x00000000e4980000,0x00000000e5861c80,0x00000000e8780000)
  to   space 61952K, 0% used [0x00000000f0000000,0x00000000f0000000,0x00000000f3c80000)
 ParOldGen       total 142336K, used 93227K [0x0000000084c00000, 0x000000008d700000, 0x00000000d6f00000)
  object space 142336K, 65% used [0x0000000084c00000,0x000000008a70ad58,0x000000008d700000)
 Metaspace       used 20971K, capacity 21092K, committed 21296K, reserved 1069056K
  class space    used 2319K, capacity 2381K, committed 2432K, reserved 1048576K
Event: 27.257 GC heap after
Heap after GC invocations=11 (full 2):
 PSYoungGen      total 287232K, used 0K [0x00000000d6f00000, 0x00000000f3c80000, 0x0000000100000000)
  eden space 223744K, 0% used [0x00000000d6f00000,0x00000000d6f00000,0x00000000e4980000)
  from space 63488K, 0% used [0x00000000e4980000,0x00000000e4980000,0x00000000e8780000)
  to   space 61952K, 0% used [0x00000000f0000000,0x00000000f0000000,0x00000000f3c80000)
 ParOldGen       total 104448K, used 28781K [0x0000000084c00000, 0x000000008b200000, 0x00000000d6f00000)
  object space 104448K, 27% used [0x0000000084c00000,0x000000008681b6a8,0x000000008b200000)
 Metaspace       used 20971K, capacity 21092K, committed 21296K, reserved 1069056K
  class space    used 2319K, capacity 2381K, committed 2432K, reserved 1048576K
}
Event: 30.003 GC heap before
{Heap before GC invocations=12 (full 2):
 PSYoungGen      total 287232K, used 223744K [0x00000000d6f00000, 0x00000000f3c80000, 0x0000000100000000)
  eden space 223744K, 100% used [0x00000000d6f00000,0x00000000e4980000,0x00000000e4980000)
  from space 63488K, 0% used [0x00000000e4980000,0x00000000e4980000,0x00000000e8780000)
  to   space 61952K, 0% used [0x00000000f0000000,0x00000000f0000000,0x00000000f3c80000)
 ParOldGen       total 104448K, used 28781K [0x0000000084c00000, 0x000000008b200000, 0x00000000d6f00000)
  object space 104448K, 27% used [0x0000000084c00000,0x000000008681b6a8,0x000000008b200000)
 Metaspace       used 21445K, capacity 21602K, committed 21808K, reserved 1069056K
  class space    used 2357K, capacity 2418K, committed 2432K, reserved 1048576K
Event: 30.023 GC heap after
Heap after GC invocations=12 (full 2):
 PSYoungGen      total 395264K, used 864K [0x00000000d6f00000, 0x00000000f3600000, 0x0000000100000000)
  eden space 339968K, 0% used [0x00000000d6f00000,0x00000000d6f00000,0x00000000ebb00000)
  from space 55296K, 1% used [0x00000000f0000000,0x00000000f00d8020,0x00000000f3600000)
  to   space 62976K, 0% used [0x00000000ebb00000,0x00000000ebb00000,0x00000000ef880000)
 ParOldGen       total 104448K, used 28789K [0x0000000084c00000, 0x000000008b200000, 0x00000000d6f00000)
  object space 104448K, 27% used [0x0000000084c00000,0x000000008681d6a8,0x000000008b200000)
 Metaspace       used 21445K, capacity 21602K, committed 21808K, reserved 1069056K
  class space    used 2357K, capacity 2418K, committed 2432K, reserved 1048576K
}
Event: 33.118 GC heap before
{Heap before GC invocations=13 (full 2):
 PSYoungGen      total 395264K, used 340832K [0x00000000d6f00000, 0x00000000f3600000, 0x0000000100000000)
  eden space 339968K, 100% used [0x00000000d6f00000,0x00000000ebb00000,0x00000000ebb00000)
  from space 55296K, 1% used [0x00000000f0000000,0x00000000f00d8020,0x00000000f3600000)
  to   space 62976K, 0% used [0x00000000ebb00000,0x00000000ebb00000,0x00000000ef880000)
 ParOldGen       total 104448K, used 28789K [0x0000000084c00000, 0x000000008b200000, 0x00000000d6f00000)
  object space 104448K, 27% used [0x0000000084c00000,0x000000008681d6a8,0x000000008b200000)
 Metaspace       used 21707K, capacity 21960K, committed 22192K, reserved 1069056K
  class space    used 2385K, capacity 2467K, committed 2560K, reserved 1048576K

