# JRE version: Java(TM) SE Runtime Environment (8.0_72-b15) (build 1.8.0_72-b15)
# Java VM: Java HotSpot(TM) 64-Bit Server VM (25.72-b15 mixed mode linux-amd64 compressed oops)
Heap:
 PSYoungGen      total 331264K, used 252K [0x00000000d6f00000, 0x00000000ec200000, 0x0000000100000000)
  eden space 315392K, 0% used [0x00000000d6f00000,0x00000000d6f00000,0x00000000ea300000)
  from space 15872K, 1% used [0x00000000ea300000,0x00000000ea33f350,0x00000000eb280000)
  to   space 4608K, 0% used [0x00000000ebd80000,0x00000000ebd80000,0x00000000ec200000)
 ParOldGen       total 57344K, used 16110K [0x0000000084c00000, 0x0000000088400000, 0x00000000d6f00000)
  object space 57344K, 28% used [0x0000000084c00000,0x0000000085bbb950,0x0000000088400000)
 Metaspace       used 21048K, capacity 21200K, committed 21680K, reserved 1069056K
  class space    used 2375K, capacity 2441K, committed 2560K, reserved 1048576K
GC Heap History (10 events):
Event: 22.264 GC heap after
Heap after GC invocations=9 (full 0):
 PSYoungGen      total 144384K, used 1245K [0x00000000d6f00000, 0x00000000e5780000, 0x0000000100000000)
  eden space 126976K, 0% used [0x00000000d6f00000,0x00000000d6f00000,0x00000000deb00000)
  from space 17408K, 7% used [0x00000000deb00000,0x00000000dec376e0,0x00000000dfc00000)
  to   space 17408K, 0% used [0x00000000e4680000,0x00000000e4680000,0x00000000e5780000)
 ParOldGen       total 84992K, used 26286K [0x0000000084c00000, 0x0000000089f00000, 0x00000000d6f00000)
  object space 84992K, 30% used [0x0000000084c00000,0x00000000865ab970,0x0000000089f00000)
 Metaspace       used 20582K, capacity 20784K, committed 21120K, reserved 1069056K
  class space    used 2318K, capacity 2409K, committed 2432K, reserved 1048576K
}
Event: 22.724 GC heap before
{Heap before GC invocations=10 (full 0):
 PSYoungGen      total 144384K, used 128221K [0x00000000d6f00000, 0x00000000e5780000, 0x0000000100000000)
  eden space 126976K, 100% used [0x00000000d6f00000,0x00000000deb00000,0x00000000deb00000)
  from space 17408K, 7% used [0x00000000deb00000,0x00000000dec376e0,0x00000000dfc00000)
  to   space 17408K, 0% used [0x00000000e4680000,0x00000000e4680000,0x00000000e5780000)
 ParOldGen       total 84992K, used 26286K [0x0000000084c00000, 0x0000000089f00000, 0x00000000d6f00000)
  object space 84992K, 30% used [0x0000000084c00000,0x00000000865ab970,0x0000000089f00000)
 Metaspace       used 20591K, capacity 20784K, committed 21120K, reserved 1069056K
  class space    used 2318K, capacity 2409K, committed 2432K, reserved 1048576K
Event: 22.741 GC heap after
Heap after GC invocations=10 (full 0):
 PSYoungGen      total 220672K, used 1227K [0x00000000d6f00000, 0x00000000e5780000, 0x0000000100000000)
  eden space 203264K, 0% used [0x00000000d6f00000,0x00000000d6f00000,0x00000000e3580000)
  from space 17408K, 7% used [0x00000000e4680000,0x00000000e47b2ec0,0x00000000e5780000)
  to   space 17408K, 0% used [0x00000000e3580000,0x00000000e3580000,0x00000000e4680000)
 ParOldGen       total 84992K, used 26402K [0x0000000084c00000, 0x0000000089f00000, 0x00000000d6f00000)
  object space 84992K, 31% used [0x0000000084c00000,0x00000000865c8990,0x0000000089f00000)
 Metaspace       used 20591K, capacity 20784K, committed 21120K, reserved 1069056K
  class space    used 2318K, capacity 2409K, committed 2432K, reserved 1048576K
}
Event: 23.263 GC heap before
{Heap before GC invocations=11 (full 0):
 PSYoungGen      total 220672K, used 42639K [0x00000000d6f00000, 0x00000000e5780000, 0x0000000100000000)
  eden space 203264K, 20% used [0x00000000d6f00000,0x00000000d9770e60,0x00000000e3580000)
  from space 17408K, 7% used [0x00000000e4680000,0x00000000e47b2ec0,0x00000000e5780000)
  to   space 17408K, 0% used [0x00000000e3580000,0x00000000e3580000,0x00000000e4680000)
 ParOldGen       total 84992K, used 26402K [0x0000000084c00000, 0x0000000089f00000, 0x00000000d6f00000)
  object space 84992K, 31% used [0x0000000084c00000,0x00000000865c8990,0x0000000089f00000)
 Metaspace       used 20852K, capacity 21040K, committed 21296K, reserved 1069056K
  class space    used 2352K, capacity 2409K, committed 2432K, reserved 1048576K
Event: 23.383 GC heap after
Heap after GC invocations=11 (full 0):
 PSYoungGen      total 220672K, used 2944K [0x00000000d6f00000, 0x00000000ece00000, 0x0000000100000000)
  eden space 203264K, 0% used [0x00000000d6f00000,0x00000000d6f00000,0x00000000e3580000)
  from space 17408K, 16% used [0x00000000e3580000,0x00000000e3860000,0x00000000e4680000)
  to   space 16896K, 0% used [0x00000000ebd80000,0x00000000ebd80000,0x00000000ece00000)
 ParOldGen       total 84992K, used 27453K [0x0000000084c00000, 0x0000000089f00000, 0x00000000d6f00000)
  object space 84992K, 32% used [0x0000000084c00000,0x00000000866cf520,0x0000000089f00000)
 Metaspace       used 20852K, capacity 21040K, committed 21296K, reserved 1069056K
  class space    used 2352K, capacity 2409K, committed 2432K, reserved 1048576K
}
Event: 23.383 GC heap before
{Heap before GC invocations=12 (full 1):
 PSYoungGen      total 220672K, used 2944K [0x00000000d6f00000, 0x00000000ece00000, 0x0000000100000000)
  eden space 203264K, 0% used [0x00000000d6f00000,0x00000000d6f00000,0x00000000e3580000)
  from space 17408K, 16% used [0x00000000e3580000,0x00000000e3860000,0x00000000e4680000)
  to   space 16896K, 0% used [0x00000000ebd80000,0x00000000ebd80000,0x00000000ece00000)
 ParOldGen       total 84992K, used 27453K [0x0000000084c00000, 0x0000000089f00000, 0x00000000d6f00000)
  object space 84992K, 32% used [0x0000000084c00000,0x00000000866cf520,0x0000000089f00000)
 Metaspace       used 20852K, capacity 21040K, committed 21296K, reserved 1069056K
  class space    used 2352K, capacity 2409K, committed 2432K, reserved 1048576K
Event: 23.496 GC heap after
Heap after GC invocations=12 (full 1):
 PSYoungGen      total 220672K, used 0K [0x00000000d6f00000, 0x00000000ece00000, 0x0000000100000000)
  eden space 203264K, 0% used [0x00000000d6f00000,0x00000000d6f00000,0x00000000e3580000)
  from space 17408K, 0% used [0x00000000e3580000,0x00000000e3580000,0x00000000e4680000)
  to   space 16896K, 0% used [0x00000000ebd80000,0x00000000ebd80000,0x00000000ece00000)
 ParOldGen       total 57344K, used 13126K [0x0000000084c00000, 0x0000000088400000, 0x00000000d6f00000)
  object space 57344K, 22% used [0x0000000084c00000,0x00000000858d1950,0x0000000088400000)
 Metaspace       used 20852K, capacity 21040K, committed 21296K, reserved 1069056K
  class space    used 2352K, capacity 2409K, committed 2432K, reserved 1048576K
}
Event: 24.582 GC heap before
{Heap before GC invocations=13 (full 1):
 PSYoungGen      total 220672K, used 203264K [0x00000000d6f00000, 0x00000000ece00000, 0x0000000100000000)
  eden space 203264K, 100% used [0x00000000d6f00000,0x00000000e3580000,0x00000000e3580000)
  from space 17408K, 0% used [0x00000000e3580000,0x00000000e3580000,0x00000000e4680000)
  to   space 16896K, 0% used [0x00000000ebd80000,0x00000000ebd80000,0x00000000ece00000)
 ParOldGen       total 57344K, used 13126K [0x0000000084c00000, 0x0000000088400000, 0x00000000d6f00000)
  object space 57344K, 22% used [0x0000000084c00000,0x00000000858d1950,0x0000000088400000)
 Metaspace       used 20998K, capacity 21200K, committed 21680K, reserved 1069056K
  class space    used 2372K, capacity 2441K, committed 2560K, reserved 1048576K
Event: 24.589 GC heap after
Heap after GC invocations=13 (full 1):
 PSYoungGen      total 320000K, used 3449K [0x00000000d6f00000, 0x00000000ec200000, 0x0000000100000000)
  eden space 315392K, 0% used [0x00000000d6f00000,0x00000000d6f00000,0x00000000ea300000)
  from space 4608K, 74% used [0x00000000ebd80000,0x00000000ec0de6a0,0x00000000ec200000)
  to   space 15872K, 0% used [0x00000000ea300000,0x00000000ea300000,0x00000000eb280000)
 ParOldGen       total 57344K, used 13126K [0x0000000084c00000, 0x0000000088400000, 0x00000000d6f00000)
  object space 57344K, 22% used [0x0000000084c00000,0x00000000858d1950,0x0000000088400000)
 Metaspace       used 20998K, capacity 21200K, committed 21680K, reserved 1069056K
  class space    used 2372K, capacity 2441K, committed 2560K, reserved 1048576K
}
Event: 49.089 GC heap before
{Heap before GC invocations=14 (full 1):
 PSYoungGen      total 320000K, used 318841K [0x00000000d6f00000, 0x00000000ec200000, 0x0000000100000000)
  eden space 315392K, 100% used [0x00000000d6f00000,0x00000000ea300000,0x00000000ea300000)
  from space 4608K, 74% used [0x00000000ebd80000,0x00000000ec0de6a0,0x00000000ec200000)
  to   space 15872K, 0% used [0x00000000ea300000,0x00000000ea300000,0x00000000eb280000)
 ParOldGen       total 57344K, used 13126K [0x0000000084c00000, 0x0000000088400000, 0x00000000d6f00000)
  object space 57344K, 22% used [0x0000000084c00000,0x00000000858d1950,0x0000000088400000)
 Metaspace       used 21048K, capacity 21200K, committed 21680K, reserved 1069056K
  class space    used 2375K, capacity 2441K, committed 2560K, reserved 1048576K

