# JRE version: Java(TM) SE Runtime Environment (8.0_72-b15) (build 1.8.0_72-b15)
# Java VM: Java HotSpot(TM) 64-Bit Server VM (25.72-b15 mixed mode linux-amd64 compressed oops)
Heap:
 PSYoungGen      total 296960K, used 19424K [0x00000000d6f00000, 0x00000000ea400000, 0x0000000100000000)
  eden space 277504K, 0% used [0x00000000d6f00000,0x00000000d6f00000,0x00000000e7e00000)
  from space 19456K, 99% used [0x00000000e7e00000,0x00000000e90f8268,0x00000000e9100000)
  to   space 16896K, 0% used [0x00000000e9180000,0x00000000e9180000,0x00000000ea200000)
 ParOldGen       total 61952K, used 34823K [0x0000000084c00000, 0x0000000088880000, 0x00000000d6f00000)
  object space 61952K, 56% used [0x0000000084c00000,0x0000000086e01e28,0x0000000088880000)
 Metaspace       used 23927K, capacity 24690K, committed 25008K, reserved 1071104K
  class space    used 2729K, capacity 2964K, committed 2992K, reserved 1048576K
GC Heap History (10 events):
Event: 31.770 GC heap after
Heap after GC invocations=13 (full 1):
 PSYoungGen      total 145408K, used 384K [0x00000000d6f00000, 0x00000000e1000000, 0x0000000100000000)
  eden space 128000K, 0% used [0x00000000d6f00000,0x00000000d6f00000,0x00000000dec00000)
  from space 17408K, 2% used [0x00000000dfd80000,0x00000000dfde0010,0x00000000e0e80000)
  to   space 17920K, 0% used [0x00000000dec00000,0x00000000dec00000,0x00000000dfd80000)
 ParOldGen       total 61952K, used 21713K [0x0000000084c00000, 0x0000000088880000, 0x00000000d6f00000)
  object space 61952K, 35% used [0x0000000084c00000,0x0000000086134438,0x0000000088880000)
 Metaspace       used 23599K, capacity 24274K, committed 24496K, reserved 1071104K
  class space    used 2705K, capacity 2932K, committed 2992K, reserved 1048576K
}
Event: 32.224 GC heap before
{Heap before GC invocations=14 (full 1):
 PSYoungGen      total 145408K, used 128384K [0x00000000d6f00000, 0x00000000e1000000, 0x0000000100000000)
  eden space 128000K, 100% used [0x00000000d6f00000,0x00000000dec00000,0x00000000dec00000)
  from space 17408K, 2% used [0x00000000dfd80000,0x00000000dfde0010,0x00000000e0e80000)
  to   space 17920K, 0% used [0x00000000dec00000,0x00000000dec00000,0x00000000dfd80000)
 ParOldGen       total 61952K, used 21713K [0x0000000084c00000, 0x0000000088880000, 0x00000000d6f00000)
  object space 61952K, 35% used [0x0000000084c00000,0x0000000086134438,0x0000000088880000)
 Metaspace       used 23599K, capacity 24274K, committed 24496K, reserved 1071104K
  class space    used 2705K, capacity 2932K, committed 2992K, reserved 1048576K
Event: 32.227 GC heap after
Heap after GC invocations=14 (full 1):
 PSYoungGen      total 145920K, used 1344K [0x00000000d6f00000, 0x00000000e4b80000, 0x0000000100000000)
  eden space 128000K, 0% used [0x00000000d6f00000,0x00000000d6f00000,0x00000000dec00000)
  from space 17920K, 7% used [0x00000000dec00000,0x00000000ded50000,0x00000000dfd80000)
  to   space 17920K, 0% used [0x00000000e3a00000,0x00000000e3a00000,0x00000000e4b80000)
 ParOldGen       total 61952K, used 21945K [0x0000000084c00000, 0x0000000088880000, 0x00000000d6f00000)
  object space 61952K, 35% used [0x0000000084c00000,0x000000008616e448,0x0000000088880000)
 Metaspace       used 23599K, capacity 24274K, committed 24496K, reserved 1071104K
  class space    used 2705K, capacity 2932K, committed 2992K, reserved 1048576K
}
Event: 32.485 GC heap before
{Heap before GC invocations=15 (full 1):
 PSYoungGen      total 145920K, used 129344K [0x00000000d6f00000, 0x00000000e4b80000, 0x0000000100000000)
  eden space 128000K, 100% used [0x00000000d6f00000,0x00000000dec00000,0x00000000dec00000)
  from space 17920K, 7% used [0x00000000dec00000,0x00000000ded50000,0x00000000dfd80000)
  to   space 17920K, 0% used [0x00000000e3a00000,0x00000000e3a00000,0x00000000e4b80000)
 ParOldGen       total 61952K, used 21945K [0x0000000084c00000, 0x0000000088880000, 0x00000000d6f00000)
  object space 61952K, 35% used [0x0000000084c00000,0x000000008616e448,0x0000000088880000)
 Metaspace       used 23606K, capacity 24274K, committed 24496K, reserved 1071104K
  class space    used 2705K, capacity 2932K, committed 2992K, reserved 1048576K
Event: 32.493 GC heap after
Heap after GC invocations=15 (full 1):
 PSYoungGen      total 208384K, used 1056K [0x00000000d6f00000, 0x00000000e4c00000, 0x0000000100000000)
  eden space 190464K, 0% used [0x00000000d6f00000,0x00000000d6f00000,0x00000000e2900000)
  from space 17920K, 5% used [0x00000000e3a00000,0x00000000e3b08010,0x00000000e4b80000)
  to   space 17408K, 0% used [0x00000000e2900000,0x00000000e2900000,0x00000000e3a00000)
 ParOldGen       total 61952K, used 22697K [0x0000000084c00000, 0x0000000088880000, 0x00000000d6f00000)
  object space 61952K, 36% used [0x0000000084c00000,0x000000008622a448,0x0000000088880000)
 Metaspace       used 23606K, capacity 24274K, committed 24496K, reserved 1071104K
  class space    used 2705K, capacity 2932K, committed 2992K, reserved 1048576K
}
Event: 35.269 GC heap before
{Heap before GC invocations=16 (full 1):
 PSYoungGen      total 208384K, used 191520K [0x00000000d6f00000, 0x00000000e4c00000, 0x0000000100000000)
  eden space 190464K, 100% used [0x00000000d6f00000,0x00000000e2900000,0x00000000e2900000)
  from space 17920K, 5% used [0x00000000e3a00000,0x00000000e3b08010,0x00000000e4b80000)
  to   space 17408K, 0% used [0x00000000e2900000,0x00000000e2900000,0x00000000e3a00000)
 ParOldGen       total 61952K, used 22697K [0x0000000084c00000, 0x0000000088880000, 0x00000000d6f00000)
  object space 61952K, 36% used [0x0000000084c00000,0x000000008622a448,0x0000000088880000)
 Metaspace       used 23921K, capacity 24690K, committed 25008K, reserved 1071104K
  class space    used 2729K, capacity 2964K, committed 2992K, reserved 1048576K
Event: 35.281 GC heap after
Heap after GC invocations=16 (full 1):
 PSYoungGen      total 207872K, used 7502K [0x00000000d6f00000, 0x00000000ea200000, 0x0000000100000000)
  eden space 190464K, 0% used [0x00000000d6f00000,0x00000000d6f00000,0x00000000e2900000)
  from space 17408K, 43% used [0x00000000e2900000,0x00000000e3053a40,0x00000000e3a00000)
  to   space 16896K, 0% used [0x00000000e9180000,0x00000000e9180000,0x00000000ea200000)
 ParOldGen       total 61952K, used 23377K [0x0000000084c00000, 0x0000000088880000, 0x00000000d6f00000)
  object space 61952K, 37% used [0x0000000084c00000,0x00000000862d4448,0x0000000088880000)
 Metaspace       used 23921K, capacity 24690K, committed 25008K, reserved 1071104K
  class space    used 2729K, capacity 2964K, committed 2992K, reserved 1048576K
}
Event: 39.151 GC heap before
{Heap before GC invocations=17 (full 1):
 PSYoungGen      total 207872K, used 197966K [0x00000000d6f00000, 0x00000000ea200000, 0x0000000100000000)
  eden space 190464K, 100% used [0x00000000d6f00000,0x00000000e2900000,0x00000000e2900000)
  from space 17408K, 43% used [0x00000000e2900000,0x00000000e3053a40,0x00000000e3a00000)
  to   space 16896K, 0% used [0x00000000e9180000,0x00000000e9180000,0x00000000ea200000)
 ParOldGen       total 61952K, used 23377K [0x0000000084c00000, 0x0000000088880000, 0x00000000d6f00000)
  object space 61952K, 37% used [0x0000000084c00000,0x00000000862d4448,0x0000000088880000)
 Metaspace       used 23924K, capacity 24690K, committed 25008K, reserved 1071104K
  class space    used 2729K, capacity 2964K, committed 2992K, reserved 1048576K
Event: 39.178 GC heap after
Heap after GC invocations=17 (full 1):
 PSYoungGen      total 294400K, used 16073K [0x00000000d6f00000, 0x00000000ea400000, 0x0000000100000000)
  eden space 277504K, 0% used [0x00000000d6f00000,0x00000000d6f00000,0x00000000e7e00000)
  from space 16896K, 95% used [0x00000000e9180000,0x00000000ea132460,0x00000000ea200000)
  to   space 19456K, 0% used [0x00000000e7e00000,0x00000000e7e00000,0x00000000e9100000)
 ParOldGen       total 61952K, used 24657K [0x0000000084c00000, 0x0000000088880000, 0x00000000d6f00000)
  object space 61952K, 39% used [0x0000000084c00000,0x0000000086414468,0x0000000088880000)
 Metaspace       used 23924K, capacity 24690K, committed 25008K, reserved 1071104K
  class space    used 2729K, capacity 2964K, committed 2992K, reserved 1048576K
}
Event: 134.058 GC heap before
{Heap before GC invocations=18 (full 1):
 PSYoungGen      total 294400K, used 293577K [0x00000000d6f00000, 0x00000000ea400000, 0x0000000100000000)
  eden space 277504K, 100% used [0x00000000d6f00000,0x00000000e7e00000,0x00000000e7e00000)
  from space 16896K, 95% used [0x00000000e9180000,0x00000000ea132460,0x00000000ea200000)
  to   space 19456K, 0% used [0x00000000e7e00000,0x00000000e7e00000,0x00000000e9100000)
 ParOldGen       total 61952K, used 24657K [0x0000000084c00000, 0x0000000088880000, 0x00000000d6f00000)
  object space 61952K, 39% used [0x0000000084c00000,0x0000000086414468,0x0000000088880000)
 Metaspace       used 23927K, capacity 24690K, committed 25008K, reserved 1071104K
  class space    used 2729K, capacity 2964K, committed 2992K, reserved 1048576K

